# JRE version: Java(TM) SE Runtime Environment (8.0_181-b13) (build 1.8.0_181-b13)
# Java VM: Java HotSpot(TM) 64-Bit Server VM (25.181-b13 mixed mode windows-amd64 compressed oops)
Heap:
 PSYoungGen      total 251904K, used 230181K [0x00000000d5580000, 0x00000000e5800000, 0x0000000100000000)
  eden space 239616K, 94% used [0x00000000d5580000,0x00000000e31d8e78,0x00000000e3f80000)
  from space 12288K, 36% used [0x00000000e4b80000,0x00000000e4ff0748,0x00000000e5780000)
  to   space 12288K, 0% used [0x00000000e3f80000,0x00000000e3f80000,0x00000000e4b80000)
 ParOldGen       total 76288K, used 19676K [0x0000000080000000, 0x0000000084a80000, 0x00000000d5580000)
  object space 76288K, 25% used [0x0000000080000000,0x0000000081337328,0x0000000084a80000)
 Metaspace       used 38586K, capacity 39810K, committed 39936K, reserved 1083392K
  class space    used 4719K, capacity 5031K, committed 5120K, reserved 1048576K
GC Heap History (10 events):
Event: 16.546 GC heap before
{Heap before GC invocations=10 (full 1):
 PSYoungGen      total 115712K, used 115500K [0x00000000d5580000, 0x00000000de300000, 0x0000000100000000)
  eden space 110080K, 100% used [0x00000000d5580000,0x00000000dc100000,0x00000000dc100000)
  from space 5632K, 96% used [0x00000000ddd80000,0x00000000de2cb138,0x00000000de300000)
  to   space 7680K, 0% used [0x00000000dd400000,0x00000000dd400000,0x00000000ddb80000)
 ParOldGen       total 56832K, used 10125K [0x0000000080000000, 0x0000000083780000, 0x00000000d5580000)
  object space 56832K, 17% used [0x0000000080000000,0x00000000809e3678,0x0000000083780000)
 Metaspace       used 25378K, capacity 25824K, committed 26112K, reserved 1073152K
  class space    used 2891K, capacity 3055K, committed 3072K, reserved 1048576K
Event: 16.753 GC heap after
Heap after GC invocations=10 (full 1):
 PSYoungGen      total 137216K, used 7650K [0x00000000d5580000, 0x00000000e0700000, 0x0000000100000000)
  eden space 129536K, 0% used [0x00000000d5580000,0x00000000d5580000,0x00000000dd400000)
  from space 7680K, 99% used [0x00000000dd400000,0x00000000ddb78ab0,0x00000000ddb80000)
  to   space 8704K, 0% used [0x00000000dfe80000,0x00000000dfe80000,0x00000000e0700000)
 ParOldGen       total 56832K, used 10658K [0x0000000080000000, 0x0000000083780000, 0x00000000d5580000)
  object space 56832K, 18% used [0x0000000080000000,0x0000000080a68ba0,0x0000000083780000)
 Metaspace       used 25378K, capacity 25824K, committed 26112K, reserved 1073152K
  class space    used 2891K, capacity 3055K, committed 3072K, reserved 1048576K
}
Event: 34.944 GC heap before
{Heap before GC invocations=11 (full 1):
 PSYoungGen      total 137216K, used 137186K [0x00000000d5580000, 0x00000000e0700000, 0x0000000100000000)
  eden space 129536K, 100% used [0x00000000d5580000,0x00000000dd400000,0x00000000dd400000)
  from space 7680K, 99% used [0x00000000dd400000,0x00000000ddb78ab0,0x00000000ddb80000)
  to   space 8704K, 0% used [0x00000000dfe80000,0x00000000dfe80000,0x00000000e0700000)
 ParOldGen       total 56832K, used 10658K [0x0000000080000000, 0x0000000083780000, 0x00000000d5580000)
  object space 56832K, 18% used [0x0000000080000000,0x0000000080a68ba0,0x0000000083780000)
 Metaspace       used 32917K, capacity 33860K, committed 34048K, reserved 1079296K
  class space    used 3985K, capacity 4230K, committed 4352K, reserved 1048576K
Event: 34.963 GC heap after
Heap after GC invocations=11 (full 1):
 PSYoungGen      total 169984K, used 8698K [0x00000000d5580000, 0x00000000e2600000, 0x0000000100000000)
  eden space 161280K, 0% used [0x00000000d5580000,0x00000000d5580000,0x00000000df300000)
  from space 8704K, 99% used [0x00000000dfe80000,0x00000000e06febc0,0x00000000e0700000)
  to   space 11776K, 0% used [0x00000000df300000,0x00000000df300000,0x00000000dfe80000)
 ParOldGen       total 56832K, used 17622K [0x0000000080000000, 0x0000000083780000, 0x00000000d5580000)
  object space 56832K, 31% used [0x0000000080000000,0x0000000081135998,0x0000000083780000)
 Metaspace       used 32917K, capacity 33860K, committed 34048K, reserved 1079296K
  class space    used 3985K, capacity 4230K, committed 4352K, reserved 1048576K
}
Event: 35.443 GC heap before
{Heap before GC invocations=12 (full 1):
 PSYoungGen      total 169984K, used 27585K [0x00000000d5580000, 0x00000000e2600000, 0x0000000100000000)
  eden space 161280K, 11% used [0x00000000d5580000,0x00000000d67f1b78,0x00000000df300000)
  from space 8704K, 99% used [0x00000000dfe80000,0x00000000e06febc0,0x00000000e0700000)
  to   space 11776K, 0% used [0x00000000df300000,0x00000000df300000,0x00000000dfe80000)
 ParOldGen       total 56832K, used 17622K [0x0000000080000000, 0x0000000083780000, 0x00000000d5580000)
  object space 56832K, 31% used [0x0000000080000000,0x0000000081135998,0x0000000083780000)
 Metaspace       used 34425K, capacity 35364K, committed 35456K, reserved 1081344K
  class space    used 4180K, capacity 4454K, committed 4480K, reserved 1048576K
Event: 35.467 GC heap after
Heap after GC invocations=12 (full 1):
 PSYoungGen      total 173056K, used 1560K [0x00000000d5580000, 0x00000000e5780000, 0x0000000100000000)
  eden space 161280K, 0% used [0x00000000d5580000,0x00000000d5580000,0x00000000df300000)
  from space 11776K, 13% used [0x00000000df300000,0x00000000df4861d8,0x00000000dfe80000)
  to   space 12288K, 0% used [0x00000000e4b80000,0x00000000e4b80000,0x00000000e5780000)
 ParOldGen       total 56832K, used 23861K [0x0000000080000000, 0x0000000083780000, 0x00000000d5580000)
  object space 56832K, 41% used [0x0000000080000000,0x000000008174d6f8,0x0000000083780000)
 Metaspace       used 34425K, capacity 35364K, committed 35456K, reserved 1081344K
  class space    used 4180K, capacity 4454K, committed 4480K, reserved 1048576K
}
Event: 35.467 GC heap before
{Heap before GC invocations=13 (full 2):
 PSYoungGen      total 173056K, used 1560K [0x00000000d5580000, 0x00000000e5780000, 0x0000000100000000)
  eden space 161280K, 0% used [0x00000000d5580000,0x00000000d5580000,0x00000000df300000)
  from space 11776K, 13% used [0x00000000df300000,0x00000000df4861d8,0x00000000dfe80000)
  to   space 12288K, 0% used [0x00000000e4b80000,0x00000000e4b80000,0x00000000e5780000)
 ParOldGen       total 56832K, used 23861K [0x0000000080000000, 0x0000000083780000, 0x00000000d5580000)
  object space 56832K, 41% used [0x0000000080000000,0x000000008174d6f8,0x0000000083780000)
 Metaspace       used 34425K, capacity 35364K, committed 35456K, reserved 1081344K
  class space    used 4180K, capacity 4454K, committed 4480K, reserved 1048576K
Event: 35.549 GC heap after
Heap after GC invocations=13 (full 2):
 PSYoungGen      total 173056K, used 0K [0x00000000d5580000, 0x00000000e5780000, 0x0000000100000000)
  eden space 161280K, 0% used [0x00000000d5580000,0x00000000d5580000,0x00000000df300000)
  from space 11776K, 0% used [0x00000000df300000,0x00000000df300000,0x00000000dfe80000)
  to   space 12288K, 0% used [0x00000000e4b80000,0x00000000e4b80000,0x00000000e5780000)
 ParOldGen       total 76288K, used 19668K [0x0000000080000000, 0x0000000084a80000, 0x00000000d5580000)
  object space 76288K, 25% used [0x0000000080000000,0x0000000081335328,0x0000000084a80000)
 Metaspace       used 34425K, capacity 35364K, committed 35456K, reserved 1081344K
  class space    used 4180K, capacity 4454K, committed 4480K, reserved 1048576K
}
Event: 56.743 GC heap before
{Heap before GC invocations=14 (full 2):
 PSYoungGen      total 173056K, used 161280K [0x00000000d5580000, 0x00000000e5780000, 0x0000000100000000)
  eden space 161280K, 100% used [0x00000000d5580000,0x00000000df300000,0x00000000df300000)
  from space 11776K, 0% used [0x00000000df300000,0x00000000df300000,0x00000000dfe80000)
  to   space 12288K, 0% used [0x00000000e4b80000,0x00000000e4b80000,0x00000000e5780000)
 ParOldGen       total 76288K, used 19668K [0x0000000080000000, 0x0000000084a80000, 0x00000000d5580000)
  object space 76288K, 25% used [0x0000000080000000,0x0000000081335328,0x0000000084a80000)
 Metaspace       used 37525K, capacity 38602K, committed 38784K, reserved 1083392K
  class space    used 4623K, capacity 4930K, committed 4992K, reserved 1048576K
Event: 56.749 GC heap after
Heap after GC invocations=14 (full 2):
 PSYoungGen      total 251904K, used 4545K [0x00000000d5580000, 0x00000000e5800000, 0x0000000100000000)
  eden space 239616K, 0% used [0x00000000d5580000,0x00000000d5580000,0x00000000e3f80000)
  from space 12288K, 36% used [0x00000000e4b80000,0x00000000e4ff0748,0x00000000e5780000)
  to   space 12288K, 0% used [0x00000000e3f80000,0x00000000e3f80000,0x00000000e4b80000)
 ParOldGen       total 76288K, used 19676K [0x0000000080000000, 0x0000000084a80000, 0x00000000d5580000)
  object space 76288K, 25% used [0x0000000080000000,0x0000000081337328,0x0000000084a80000)
 Metaspace       used 37525K, capacity 38602K, committed 38784K, reserved 1083392K
  class space    used 4623K, capacity 4930K, committed 4992K, reserved 1048576K
}

