# JRE version: Java(TM) SE Runtime Environment (8.0_181-b13) (build 1.8.0_181-b13)
# Java VM: Java HotSpot(TM) 64-Bit Server VM (25.181-b13 mixed mode windows-amd64 compressed oops)
Heap:
 PSYoungGen      total 188928K, used 40234K [0x00000000d5580000, 0x00000000e5100000, 0x0000000100000000)
  eden space 180736K, 21% used [0x00000000d5580000,0x00000000d7ba6a28,0x00000000e0600000)
  from space 8192K, 14% used [0x00000000e0600000,0x00000000e0724010,0x00000000e0e00000)
  to   space 8192K, 0% used [0x00000000e4900000,0x00000000e4900000,0x00000000e5100000)
 ParOldGen       total 62464K, used 22453K [0x0000000080000000, 0x0000000083d00000, 0x00000000d5580000)
  object space 62464K, 35% used [0x0000000080000000,0x00000000815ed788,0x0000000083d00000)
 Metaspace       used 38283K, capacity 39430K, committed 39640K, reserved 1083392K
  class space    used 4689K, capacity 4995K, committed 5120K, reserved 1048576K
GC Heap History (10 events):
Event: 44.315 GC heap before
{Heap before GC invocations=15 (full 1):
 PSYoungGen      total 84480K, used 81408K [0x00000000d5580000, 0x00000000dda80000, 0x0000000100000000)
  eden space 76288K, 100% used [0x00000000d5580000,0x00000000da000000,0x00000000da000000)
  from space 8192K, 62% used [0x00000000da000000,0x00000000da500000,0x00000000da800000)
  to   space 8192K, 0% used [0x00000000dd280000,0x00000000dd280000,0x00000000dda80000)
 ParOldGen       total 45568K, used 12826K [0x0000000080000000, 0x0000000082c80000, 0x00000000d5580000)
  object space 45568K, 28% used [0x0000000080000000,0x0000000080c86b78,0x0000000082c80000)
 Metaspace       used 32017K, capacity 32988K, committed 33152K, reserved 1079296K
  class space    used 3892K, capacity 4159K, committed 4224K, reserved 1048576K
Event: 44.337 GC heap after
Heap after GC invocations=15 (full 1):
 PSYoungGen      total 125952K, used 5451K [0x00000000d5580000, 0x00000000dd980000, 0x0000000100000000)
  eden space 118784K, 0% used [0x00000000d5580000,0x00000000d5580000,0x00000000dc980000)
  from space 7168K, 76% used [0x00000000dd280000,0x00000000dd7d2c00,0x00000000dd980000)
  to   space 8192K, 0% used [0x00000000dc980000,0x00000000dc980000,0x00000000dd180000)
 ParOldGen       total 45568K, used 16397K [0x0000000080000000, 0x0000000082c80000, 0x00000000d5580000)
  object space 45568K, 35% used [0x0000000080000000,0x00000000810036c0,0x0000000082c80000)
 Metaspace       used 32017K, capacity 32988K, committed 33152K, reserved 1079296K
  class space    used 3892K, capacity 4159K, committed 4224K, reserved 1048576K
}
Event: 45.370 GC heap before
{Heap before GC invocations=16 (full 1):
 PSYoungGen      total 125952K, used 46670K [0x00000000d5580000, 0x00000000dd980000, 0x0000000100000000)
  eden space 118784K, 34% used [0x00000000d5580000,0x00000000d7dc0ca8,0x00000000dc980000)
  from space 7168K, 76% used [0x00000000dd280000,0x00000000dd7d2c00,0x00000000dd980000)
  to   space 8192K, 0% used [0x00000000dc980000,0x00000000dc980000,0x00000000dd180000)
 ParOldGen       total 45568K, used 16397K [0x0000000080000000, 0x0000000082c80000, 0x00000000d5580000)
  object space 45568K, 35% used [0x0000000080000000,0x00000000810036c0,0x0000000082c80000)
 Metaspace       used 34364K, capacity 35284K, committed 35416K, reserved 1081344K
  class space    used 4183K, capacity 4454K, committed 4480K, reserved 1048576K
Event: 45.376 GC heap after
Heap after GC invocations=16 (full 1):
 PSYoungGen      total 126976K, used 2379K [0x00000000d5580000, 0x00000000e1900000, 0x0000000100000000)
  eden space 118784K, 0% used [0x00000000d5580000,0x00000000d5580000,0x00000000dc980000)
  from space 8192K, 29% used [0x00000000dc980000,0x00000000dcbd2cc8,0x00000000dd180000)
  to   space 8192K, 0% used [0x00000000e1100000,0x00000000e1100000,0x00000000e1900000)
 ParOldGen       total 45568K, used 18278K [0x0000000080000000, 0x0000000082c80000, 0x00000000d5580000)
  object space 45568K, 40% used [0x0000000080000000,0x00000000811d9ac8,0x0000000082c80000)
 Metaspace       used 34364K, capacity 35284K, committed 35416K, reserved 1081344K
  class space    used 4183K, capacity 4454K, committed 4480K, reserved 1048576K
}
Event: 45.376 GC heap before
{Heap before GC invocations=17 (full 2):
 PSYoungGen      total 126976K, used 2379K [0x00000000d5580000, 0x00000000e1900000, 0x0000000100000000)
  eden space 118784K, 0% used [0x00000000d5580000,0x00000000d5580000,0x00000000dc980000)
  from space 8192K, 29% used [0x00000000dc980000,0x00000000dcbd2cc8,0x00000000dd180000)
  to   space 8192K, 0% used [0x00000000e1100000,0x00000000e1100000,0x00000000e1900000)
 ParOldGen       total 45568K, used 18278K [0x0000000080000000, 0x0000000082c80000, 0x00000000d5580000)
  object space 45568K, 40% used [0x0000000080000000,0x00000000811d9ac8,0x0000000082c80000)
 Metaspace       used 34364K, capacity 35284K, committed 35416K, reserved 1081344K
  class space    used 4183K, capacity 4454K, committed 4480K, reserved 1048576K
Event: 45.528 GC heap after
Heap after GC invocations=17 (full 2):
 PSYoungGen      total 126976K, used 0K [0x00000000d5580000, 0x00000000e1900000, 0x0000000100000000)
  eden space 118784K, 0% used [0x00000000d5580000,0x00000000d5580000,0x00000000dc980000)
  from space 8192K, 0% used [0x00000000dc980000,0x00000000dc980000,0x00000000dd180000)
  to   space 8192K, 0% used [0x00000000e1100000,0x00000000e1100000,0x00000000e1900000)
 ParOldGen       total 62464K, used 20067K [0x0000000080000000, 0x0000000083d00000, 0x00000000d5580000)
  object space 62464K, 32% used [0x0000000080000000,0x0000000081398ef8,0x0000000083d00000)
 Metaspace       used 34364K, capacity 35284K, committed 35416K, reserved 1081344K
  class space    used 4183K, capacity 4454K, committed 4480K, reserved 1048576K
}
Event: 60.715 GC heap before
{Heap before GC invocations=18 (full 2):
 PSYoungGen      total 126976K, used 118784K [0x00000000d5580000, 0x00000000e1900000, 0x0000000100000000)
  eden space 118784K, 100% used [0x00000000d5580000,0x00000000dc980000,0x00000000dc980000)
  from space 8192K, 0% used [0x00000000dc980000,0x00000000dc980000,0x00000000dd180000)
  to   space 8192K, 0% used [0x00000000e1100000,0x00000000e1100000,0x00000000e1900000)
 ParOldGen       total 62464K, used 20067K [0x0000000080000000, 0x0000000083d00000, 0x00000000d5580000)
  object space 62464K, 32% used [0x0000000080000000,0x0000000081398ef8,0x0000000083d00000)
 Metaspace       used 37363K, capacity 38416K, committed 38744K, reserved 1083392K
  class space    used 4604K, capacity 4896K, committed 4992K, reserved 1048576K
Event: 60.721 GC heap after
Heap after GC invocations=18 (full 2):
 PSYoungGen      total 185856K, used 4313K [0x00000000d5580000, 0x00000000e1600000, 0x0000000100000000)
  eden space 180736K, 0% used [0x00000000d5580000,0x00000000d5580000,0x00000000e0600000)
  from space 5120K, 84% used [0x00000000e1100000,0x00000000e1536638,0x00000000e1600000)
  to   space 8192K, 0% used [0x00000000e0600000,0x00000000e0600000,0x00000000e0e00000)
 ParOldGen       total 62464K, used 20075K [0x0000000080000000, 0x0000000083d00000, 0x00000000d5580000)
  object space 62464K, 32% used [0x0000000080000000,0x000000008139aef8,0x0000000083d00000)
 Metaspace       used 37363K, capacity 38416K, committed 38744K, reserved 1083392K
  class space    used 4604K, capacity 4896K, committed 4992K, reserved 1048576K
}
Event: 73.284 GC heap before
{Heap before GC invocations=19 (full 2):
 PSYoungGen      total 185856K, used 185049K [0x00000000d5580000, 0x00000000e1600000, 0x0000000100000000)
  eden space 180736K, 100% used [0x00000000d5580000,0x00000000e0600000,0x00000000e0600000)
  from space 5120K, 84% used [0x00000000e1100000,0x00000000e1536638,0x00000000e1600000)
  to   space 8192K, 0% used [0x00000000e0600000,0x00000000e0600000,0x00000000e0e00000)
 ParOldGen       total 62464K, used 20075K [0x0000000080000000, 0x0000000083d00000, 0x00000000d5580000)
  object space 62464K, 32% used [0x0000000080000000,0x000000008139aef8,0x0000000083d00000)
 Metaspace       used 37770K, capacity 38804K, committed 39000K, reserved 1083392K
  class space    used 4634K, capacity 4936K, committed 4992K, reserved 1048576K
Event: 73.291 GC heap after
Heap after GC invocations=19 (full 2):
 PSYoungGen      total 188928K, used 1168K [0x00000000d5580000, 0x00000000e5100000, 0x0000000100000000)
  eden space 180736K, 0% used [0x00000000d5580000,0x00000000d5580000,0x00000000e0600000)
  from space 8192K, 14% used [0x00000000e0600000,0x00000000e0724010,0x00000000e0e00000)
  to   space 8192K, 0% used [0x00000000e4900000,0x00000000e4900000,0x00000000e5100000)
 ParOldGen       total 62464K, used 22453K [0x0000000080000000, 0x0000000083d00000, 0x00000000d5580000)
  object space 62464K, 35% used [0x0000000080000000,0x00000000815ed788,0x0000000083d00000)
 Metaspace       used 37770K, capacity 38804K, committed 39000K, reserved 1083392K
  class space    used 4634K, capacity 4936K, committed 4992K, reserved 1048576K
}

