# JRE version: Java(TM) SE Runtime Environment (8.0_181-b13) (build 1.8.0_181-b13)
# Java VM: Java HotSpot(TM) 64-Bit Server VM (25.181-b13 mixed mode windows-amd64 compressed oops)
Heap:
 PSYoungGen      total 135680K, used 78553K [0x00000000d5580000, 0x00000000de400000, 0x0000000100000000)
  eden space 130560K, 59% used [0x00000000d5580000,0x00000000da13e780,0x00000000dd500000)
  from space 5120K, 19% used [0x00000000ddf00000,0x00000000ddff8000,0x00000000de400000)
  to   space 7680K, 0% used [0x00000000dd500000,0x00000000dd500000,0x00000000ddc80000)
 ParOldGen       total 84992K, used 24609K [0x0000000080000000, 0x0000000085300000, 0x00000000d5580000)
  object space 84992K, 28% used [0x0000000080000000,0x0000000081808790,0x0000000085300000)
 Metaspace       used 38568K, capacity 39794K, committed 39936K, reserved 1083392K
  class space    used 4719K, capacity 5031K, committed 5120K, reserved 1048576K
GC Heap History (10 events):
Event: 32.321 GC heap before
{Heap before GC invocations=16 (full 1):
 PSYoungGen      total 90112K, used 78485K [0x00000000d5580000, 0x00000000db700000, 0x0000000100000000)
  eden space 84480K, 87% used [0x00000000d5580000,0x00000000d9dfb9a8,0x00000000da800000)
  from space 5632K, 75% used [0x00000000db180000,0x00000000db5a9e08,0x00000000db700000)
  to   space 7680K, 0% used [0x00000000da800000,0x00000000da800000,0x00000000daf80000)
 ParOldGen       total 53248K, used 16544K [0x0000000080000000, 0x0000000083400000, 0x00000000d5580000)
  object space 53248K, 31% used [0x0000000080000000,0x0000000081028288,0x0000000083400000)
 Metaspace       used 34432K, capacity 35348K, committed 35456K, reserved 1081344K
  class space    used 4181K, capacity 4454K, committed 4480K, reserved 1048576K
Event: 32.328 GC heap after
Heap after GC invocations=16 (full 1):
 PSYoungGen      total 92160K, used 4904K [0x00000000d5580000, 0x00000000dd100000, 0x0000000100000000)
  eden space 84480K, 0% used [0x00000000d5580000,0x00000000d5580000,0x00000000da800000)
  from space 7680K, 63% used [0x00000000da800000,0x00000000dacca390,0x00000000daf80000)
  to   space 7680K, 0% used [0x00000000dc980000,0x00000000dc980000,0x00000000dd100000)
 ParOldGen       total 53248K, used 17690K [0x0000000080000000, 0x0000000083400000, 0x00000000d5580000)
  object space 53248K, 33% used [0x0000000080000000,0x00000000811468b8,0x0000000083400000)
 Metaspace       used 34432K, capacity 35348K, committed 35456K, reserved 1081344K
  class space    used 4181K, capacity 4454K, committed 4480K, reserved 1048576K
}
Event: 32.328 GC heap before
{Heap before GC invocations=17 (full 2):
 PSYoungGen      total 92160K, used 4904K [0x00000000d5580000, 0x00000000dd100000, 0x0000000100000000)
  eden space 84480K, 0% used [0x00000000d5580000,0x00000000d5580000,0x00000000da800000)
  from space 7680K, 63% used [0x00000000da800000,0x00000000dacca390,0x00000000daf80000)
  to   space 7680K, 0% used [0x00000000dc980000,0x00000000dc980000,0x00000000dd100000)
 ParOldGen       total 53248K, used 17690K [0x0000000080000000, 0x0000000083400000, 0x00000000d5580000)
  object space 53248K, 33% used [0x0000000080000000,0x00000000811468b8,0x0000000083400000)
 Metaspace       used 34432K, capacity 35348K, committed 35456K, reserved 1081344K
  class space    used 4181K, capacity 4454K, committed 4480K, reserved 1048576K
Event: 32.530 GC heap after
Heap after GC invocations=17 (full 2):
 PSYoungGen      total 92160K, used 0K [0x00000000d5580000, 0x00000000dd100000, 0x0000000100000000)
  eden space 84480K, 0% used [0x00000000d5580000,0x00000000d5580000,0x00000000da800000)
  from space 7680K, 0% used [0x00000000da800000,0x00000000da800000,0x00000000daf80000)
  to   space 7680K, 0% used [0x00000000dc980000,0x00000000dc980000,0x00000000dd100000)
 ParOldGen       total 84992K, used 21747K [0x0000000080000000, 0x0000000085300000, 0x00000000d5580000)
  object space 84992K, 25% used [0x0000000080000000,0x000000008153cc78,0x0000000085300000)
 Metaspace       used 34432K, capacity 35348K, committed 35456K, reserved 1081344K
  class space    used 4181K, capacity 4454K, committed 4480K, reserved 1048576K
}
Event: 49.945 GC heap before
{Heap before GC invocations=18 (full 2):
 PSYoungGen      total 92160K, used 84480K [0x00000000d5580000, 0x00000000dd100000, 0x0000000100000000)
  eden space 84480K, 100% used [0x00000000d5580000,0x00000000da800000,0x00000000da800000)
  from space 7680K, 0% used [0x00000000da800000,0x00000000da800000,0x00000000daf80000)
  to   space 7680K, 0% used [0x00000000dc980000,0x00000000dc980000,0x00000000dd100000)
 ParOldGen       total 84992K, used 21747K [0x0000000080000000, 0x0000000085300000, 0x00000000d5580000)
  object space 84992K, 25% used [0x0000000080000000,0x000000008153cc78,0x0000000085300000)
 Metaspace       used 37357K, capacity 38416K, committed 38784K, reserved 1083392K
  class space    used 4601K, capacity 4896K, committed 4992K, reserved 1048576K
Event: 49.950 GC heap after
Heap after GC invocations=18 (full 2):
 PSYoungGen      total 117760K, used 4255K [0x00000000d5580000, 0x00000000dd000000, 0x0000000100000000)
  eden space 111104K, 0% used [0x00000000d5580000,0x00000000d5580000,0x00000000dc200000)
  from space 6656K, 63% used [0x00000000dc980000,0x00000000dcda7c88,0x00000000dd000000)
  to   space 7168K, 0% used [0x00000000dc200000,0x00000000dc200000,0x00000000dc900000)
 ParOldGen       total 84992K, used 21755K [0x0000000080000000, 0x0000000085300000, 0x00000000d5580000)
  object space 84992K, 25% used [0x0000000080000000,0x000000008153ec78,0x0000000085300000)
 Metaspace       used 37357K, capacity 38416K, committed 38784K, reserved 1083392K
  class space    used 4601K, capacity 4896K, committed 4992K, reserved 1048576K
}
Event: 62.192 GC heap before
{Heap before GC invocations=19 (full 2):
 PSYoungGen      total 117760K, used 115359K [0x00000000d5580000, 0x00000000dd000000, 0x0000000100000000)
  eden space 111104K, 100% used [0x00000000d5580000,0x00000000dc200000,0x00000000dc200000)
  from space 6656K, 63% used [0x00000000dc980000,0x00000000dcda7c88,0x00000000dd000000)
  to   space 7168K, 0% used [0x00000000dc200000,0x00000000dc200000,0x00000000dc900000)
 ParOldGen       total 84992K, used 21755K [0x0000000080000000, 0x0000000085300000, 0x00000000d5580000)
  object space 84992K, 25% used [0x0000000080000000,0x000000008153ec78,0x0000000085300000)
 Metaspace       used 37636K, capacity 38666K, committed 38784K, reserved 1083392K
  class space    used 4625K, capacity 4934K, committed 4992K, reserved 1048576K
Event: 62.267 GC heap after
Heap after GC invocations=19 (full 2):
 PSYoungGen      total 118272K, used 752K [0x00000000d5580000, 0x00000000de680000, 0x0000000100000000)
  eden space 111104K, 0% used [0x00000000d5580000,0x00000000d5580000,0x00000000dc200000)
  from space 7168K, 10% used [0x00000000dc200000,0x00000000dc2bc010,0x00000000dc900000)
  to   space 7680K, 0% used [0x00000000ddf00000,0x00000000ddf00000,0x00000000de680000)
 ParOldGen       total 84992K, used 24105K [0x0000000080000000, 0x0000000085300000, 0x00000000d5580000)
  object space 84992K, 28% used [0x0000000080000000,0x000000008178a668,0x0000000085300000)
 Metaspace       used 37636K, capacity 38666K, committed 38784K, reserved 1083392K
  class space    used 4625K, capacity 4934K, committed 4992K, reserved 1048576K
}
Event: 63.588 GC heap before
{Heap before GC invocations=20 (full 2):
 PSYoungGen      total 118272K, used 111856K [0x00000000d5580000, 0x00000000de680000, 0x0000000100000000)
  eden space 111104K, 100% used [0x00000000d5580000,0x00000000dc200000,0x00000000dc200000)
  from space 7168K, 10% used [0x00000000dc200000,0x00000000dc2bc010,0x00000000dc900000)
  to   space 7680K, 0% used [0x00000000ddf00000,0x00000000ddf00000,0x00000000de680000)
 ParOldGen       total 84992K, used 24105K [0x0000000080000000, 0x0000000085300000, 0x00000000d5580000)
  object space 84992K, 28% used [0x0000000080000000,0x000000008178a668,0x0000000085300000)
 Metaspace       used 37812K, capacity 38880K, committed 39040K, reserved 1083392K
  class space    used 4640K, capacity 4940K, committed 4992K, reserved 1048576K
Event: 63.591 GC heap after
Heap after GC invocations=20 (full 2):
 PSYoungGen      total 135680K, used 992K [0x00000000d5580000, 0x00000000de400000, 0x0000000100000000)
  eden space 130560K, 0% used [0x00000000d5580000,0x00000000d5580000,0x00000000dd500000)
  from space 5120K, 19% used [0x00000000ddf00000,0x00000000ddff8000,0x00000000de400000)
  to   space 7680K, 0% used [0x00000000dd500000,0x00000000dd500000,0x00000000ddc80000)
 ParOldGen       total 84992K, used 24609K [0x0000000080000000, 0x0000000085300000, 0x00000000d5580000)
  object space 84992K, 28% used [0x0000000080000000,0x0000000081808790,0x0000000085300000)
 Metaspace       used 37812K, capacity 38880K, committed 39040K, reserved 1083392K
  class space    used 4640K, capacity 4940K, committed 4992K, reserved 1048576K
}

